<?xml version="1.0" encoding="UTF-8"?>
<testng-results skipped="0" failed="1" total="3" passed="2">
  <reporter-output>
  </reporter-output>
  <suite name="Suite" duration-ms="44352" started-at="2020-05-27T12:54:54Z" finished-at="2020-05-27T12:55:39Z">
    <groups>
    </groups>
    <test name="validate the title" duration-ms="36189" started-at="2020-05-27T12:54:54Z" finished-at="2020-05-27T12:55:31Z">
      <class name="Academy.E2EProject.Validiatetext">
        <test-method status="FAIL" signature="validatethetitleonhomepage()[pri:0, instance:Academy.E2EProject.Validiatetext@58e1d9d]" name="validatethetitleonhomepage" duration-ms="34147" started-at="2020-05-27T18:24:54Z" finished-at="2020-05-27T18:25:29Z">
          <exception class="java.lang.AssertionError">
            <message>
              <![CDATA[expected [FEATURED COUR4546SES] but found [FEATURED COURSES]]]>
            </message>
            <full-stacktrace>
              <![CDATA[java.lang.AssertionError: expected [FEATURED COUR4546SES] but found [FEATURED COURSES]
	at org.testng.Assert.fail(Assert.java:94)
	at org.testng.Assert.failNotEquals(Assert.java:494)
	at org.testng.Assert.assertEquals(Assert.java:123)
	at org.testng.Assert.assertEquals(Assert.java:176)
	at org.testng.Assert.assertEquals(Assert.java:186)
	at Academy.E2EProject.Validiatetext.validatethetitleonhomepage(Validiatetext.java:25)
	at sun.reflect.NativeMethodAccessorImpl.invoke0(Native Method)
	at sun.reflect.NativeMethodAccessorImpl.invoke(NativeMethodAccessorImpl.java:62)
	at sun.reflect.DelegatingMethodAccessorImpl.invoke(DelegatingMethodAccessorImpl.java:43)
	at java.lang.reflect.Method.invoke(Method.java:498)
	at org.testng.internal.MethodInvocationHelper.invokeMethod(MethodInvocationHelper.java:80)
	at org.testng.internal.Invoker.invokeMethod(Invoker.java:714)
	at org.testng.internal.Invoker.invokeTestMethod(Invoker.java:901)
	at org.testng.internal.Invoker.invokeTestMethods(Invoker.java:1231)
	at org.testng.internal.TestMethodWorker.invokeTestMethods(TestMethodWorker.java:127)
	at org.testng.internal.TestMethodWorker.run(TestMethodWorker.java:111)
	at org.testng.TestRunner.privateRun(TestRunner.java:767)
	at org.testng.TestRunner.run(TestRunner.java:617)
	at org.testng.SuiteRunner.runTest(SuiteRunner.java:334)
	at org.testng.SuiteRunner.access$000(SuiteRunner.java:37)
	at org.testng.SuiteRunner$SuiteWorker.run(SuiteRunner.java:368)
	at org.testng.internal.thread.ThreadUtil$2.call(ThreadUtil.java:64)
	at java.util.concurrent.FutureTask.run(FutureTask.java:266)
	at java.util.concurrent.ThreadPoolExecutor.runWorker(ThreadPoolExecutor.java:1149)
	at java.util.concurrent.ThreadPoolExecutor$Worker.run(ThreadPoolExecutor.java:624)
	at java.lang.Thread.run(Thread.java:748)
]]>
            </full-stacktrace>
          </exception> <!-- java.lang.AssertionError -->
          <reporter-output>
          </reporter-output>
        </test-method> <!-- validatethetitleonhomepage -->
        <test-method status="PASS" signature="Close()[pri:0, instance:Academy.E2EProject.Validiatetext@58e1d9d]" name="Close" is-config="true" duration-ms="1028" started-at="2020-05-27T18:25:30Z" finished-at="2020-05-27T18:25:31Z">
          <reporter-output>
          </reporter-output>
        </test-method> <!-- Close -->
      </class> <!-- Academy.E2EProject.Validiatetext -->
    </test> <!-- validate the title -->
    <test name="lunch and login the browser" duration-ms="44352" started-at="2020-05-27T12:54:54Z" finished-at="2020-05-27T12:55:39Z">
      <class name="Academy.E2EProject.homepagetests">
        <test-method status="PASS" signature="launchbrowser()[pri:0, instance:Academy.E2EProject.homepagetests@33ecda92]" name="launchbrowser" is-config="true" duration-ms="42521" started-at="2020-05-27T18:24:54Z" finished-at="2020-05-27T18:25:37Z">
          <reporter-output>
          </reporter-output>
        </test-method> <!-- launchbrowser -->
        <test-method status="PASS" signature="loginsuccessfully(java.lang.String, java.lang.String)[pri:0, instance:Academy.E2EProject.homepagetests@33ecda92]" name="loginsuccessfully" duration-ms="589" started-at="2020-05-27T18:25:37Z" data-provider="getData" finished-at="2020-05-27T18:25:38Z">
          <params>
            <param index="0">
              <value>
                <![CDATA[nitikadiman@trantorinc.com]]>
              </value>
            </param>
            <param index="1">
              <value>
                <![CDATA[retrt]]>
              </value>
            </param>
          </params>
          <reporter-output>
          </reporter-output>
        </test-method> <!-- loginsuccessfully -->
        <test-method status="PASS" signature="loginsuccessfully(java.lang.String, java.lang.String)[pri:0, instance:Academy.E2EProject.homepagetests@33ecda92]" name="loginsuccessfully" duration-ms="337" started-at="2020-05-27T18:25:38Z" data-provider="getData" finished-at="2020-05-27T18:25:38Z">
          <params>
            <param index="0">
              <value>
                <![CDATA[nitikadiman]]>
              </value>
            </param>
            <param index="1">
              <value>
                <![CDATA[trrtrt]]>
              </value>
            </param>
          </params>
          <reporter-output>
          </reporter-output>
        </test-method> <!-- loginsuccessfully -->
        <test-method status="PASS" signature="Closedriver()[pri:0, instance:Academy.E2EProject.homepagetests@33ecda92]" name="Closedriver" is-config="true" duration-ms="897" started-at="2020-05-27T18:25:38Z" finished-at="2020-05-27T18:25:39Z">
          <reporter-output>
          </reporter-output>
        </test-method> <!-- Closedriver -->
      </class> <!-- Academy.E2EProject.homepagetests -->
    </test> <!-- lunch and login the browser -->
  </suite> <!-- Suite -->
</testng-results>
